[18:03:11] [main/INFO]: Environment: authHost='https://authserver.mojang.com', accountsHost='https://api.mojang.com', sessionHost='https://sessionserver.mojang.com', servicesHost='https://api.minecraftservices.com', name='PROD'
[18:03:13] [main/WARN]: Ambiguity between arguments [teleport, destination] and [teleport, targets] with inputs: [Player, 0123, @e, dd12be42-52a9-4a91-a8a1-11c01849e498]
[18:03:13] [main/WARN]: Ambiguity between arguments [teleport, location] and [teleport, destination] with inputs: [0.1 -0.5 .9, 0 0 0]
[18:03:13] [main/WARN]: Ambiguity between arguments [teleport, location] and [teleport, targets] with inputs: [0.1 -0.5 .9, 0 0 0]
[18:03:13] [main/WARN]: Ambiguity between arguments [teleport, targets] and [teleport, destination] with inputs: [Player, 0123, dd12be42-52a9-4a91-a8a1-11c01849e498]
[18:03:13] [main/WARN]: Ambiguity between arguments [teleport, targets, location] and [teleport, targets, destination] with inputs: [0.1 -0.5 .9, 0 0 0]
[18:03:13] [main/INFO]: Reloading ResourceManager: Default
[18:03:16] [Worker-Main-2/INFO]: Loaded 7 recipes
[18:03:17] [Worker-Main-2/INFO]: Loaded 927 advancements
[18:03:22] [Server thread/INFO]: Starting minecraft server version 1.16.4
[18:03:22] [Server thread/WARN]: To start the server with more ram, launch it as "java -Xmx1024M -Xms1024M -jar minecraft_server.jar"
[18:03:22] [Server thread/INFO]: Loading properties
[18:03:22] [Server thread/INFO]: Default game type: SURVIVAL
[18:03:22] [Server thread/INFO]: Generating keypair
[18:03:23] [Server thread/INFO]: Starting Minecraft server on *:25565
[18:03:23] [Server thread/INFO]: Using epoll channel type
[18:03:23] [Server thread/WARN]: **** SERVER IS RUNNING IN OFFLINE/INSECURE MODE!
[18:03:23] [Server thread/WARN]: The server will make no attempt to authenticate usernames. Beware.
[18:03:23] [Server thread/WARN]: While this makes the game possible to play without internet access, it also opens up the ability for hackers to connect with any username they choose.
[18:03:23] [Server thread/WARN]: To change this, set "online-mode" to "true" in the server.properties file.
[18:03:23] [Server thread/INFO]: Preparing level "world"
[18:03:24] [Server thread/INFO]: Preparing start region for dimension minecraft:overworld
[18:03:28] [Server thread/INFO]: Preparing spawn area: 0%
[18:03:28] [Server thread/INFO]: Preparing spawn area: 0%
[18:03:28] [Server thread/INFO]: Preparing spawn area: 0%
[18:03:28] [Server thread/INFO]: Preparing spawn area: 0%
[18:03:28] [Server thread/INFO]: Preparing spawn area: 0%
[18:03:28] [Server thread/INFO]: Preparing spawn area: 0%
[18:03:28] [Server thread/INFO]: Preparing spawn area: 0%
[18:03:28] [Server thread/INFO]: Preparing spawn area: 0%
[18:03:28] [Server thread/INFO]: Preparing spawn area: 0%
[18:03:28] [Server thread/INFO]: Preparing spawn area: 0%
[18:03:29] [Worker-Main-2/INFO]: Preparing spawn area: 0%
[18:03:29] [Server thread/INFO]: Preparing spawn area: 13%
[18:03:30] [Server thread/INFO]: Preparing spawn area: 61%
[18:03:30] [Server thread/INFO]: Time elapsed: 6697 ms
[18:03:30] [Server thread/INFO]: Done (6.970s)! For help, type "help"
[18:03:33] [Server thread/INFO]: MaestroGotNoLife[/103.82.15.154:50142] logged in with entity id 26 at (-695.0551172948321, 66.02442408821369, -1795.656305387202)
[18:03:33] [Server thread/INFO]: MaestroGotNoLife joined the game
[18:03:36] [Server thread/INFO]: ikypedia[/139.193.133.177:49873] logged in with entity id 93 at (-220.06353757794145, 62.07326548452265, -1414.8454942114593)
[18:03:36] [Server thread/INFO]: ikypedia joined the game
[18:03:36] [Server thread/WARN]: Can't keep up! Is the server overloaded? Running 2739ms or 54 ticks behind
